<?xml version="1.0" encoding="UTF-8"?>
<!-- Generated by org.testng.reporters.JUnitXMLReporter -->
<testsuite hostname="DESKTOP-JCJ8HOK" ignored="0" name="RegressionTest" tests="4" failures="0" timestamp="15 May 2023 02:52:04 GMT" time="54.989" errors="0">
  <testcase name="radioButtonTest" time="1.045" classname="testng.RadioButton1"/>
  <testcase name="checkboxTest" time="1.068" classname="testng.CheckBox1"/>
  <testcase name="amazon" time="8.756" classname="testng.TNG_003"/>
  <testcase name="linktesting1" time="2.812" classname="testng.LinksTesting1"/>
</testsuite> <!-- RegressionTest -->
