<?xml version="1.0" encoding="UTF-8"?>
<testng-results ignored="0" total="1" passed="1" failed="0" skipped="0">
  <reporter-output>
  </reporter-output>
  <suite started-at="2023-06-08T03:20:51Z" name="Suite3" finished-at="2023-06-08T03:21:01Z" duration-ms="9556">
    <groups>
      <group name="regression">
        <method signature="TNG_003.amazon()[pri:0, instance:testng.TNG_003@7a55af6b]" name="amazon" class="testng.TNG_003"/>
      </group> <!-- regression -->
      <group name="sanity">
        <method signature="TNG_003.amazon()[pri:0, instance:testng.TNG_003@7a55af6b]" name="amazon" class="testng.TNG_003"/>
      </group> <!-- sanity -->
    </groups>
    <test started-at="2023-06-08T03:20:51Z" name="Test3" finished-at="2023-06-08T03:21:01Z" duration-ms="9556">
      <class name="testng.TNG_003">
        <test-method is-config="true" signature="startProcess(java.lang.String)[pri:0, instance:testng.TNG_003@7a55af6b]" started-at="2023-06-08T03:20:51Z" name="startProcess" finished-at="2023-06-08T03:20:55Z" duration-ms="4301" status="PASS">
          <params>
            <param index="0">
              <value>
                <![CDATA[chrome]]>
              </value>
            </param>
          </params>
          <reporter-output>
          </reporter-output>
        </test-method> <!-- startProcess -->
        <test-method signature="amazon()[pri:0, instance:testng.TNG_003@7a55af6b]" started-at="2023-06-08T03:20:55Z" name="amazon" finished-at="2023-06-08T03:21:00Z" duration-ms="4262" status="PASS">
          <reporter-output>
          </reporter-output>
        </test-method> <!-- amazon -->
        <test-method is-config="true" signature="endProcess()[pri:0, instance:testng.TNG_003@7a55af6b]" started-at="2023-06-08T03:21:00Z" name="endProcess" finished-at="2023-06-08T03:21:01Z" duration-ms="969" status="PASS">
          <reporter-output>
          </reporter-output>
        </test-method> <!-- endProcess -->
      </class> <!-- testng.TNG_003 -->
    </test> <!-- Test3 -->
  </suite> <!-- Suite3 -->
</testng-results>
